10/23/2016 10:08:34 PM	This log contains information about the import schema operation into project 'ResearchDatabaseProject' on computer 'DJOHNSON-LAPTOP' by user 'DanJa'.
10/23/2016 10:08:34 PM	Import of database schema has started.
10/23/2016 10:08:39 PM	Gathering database options
10/23/2016 10:08:39 PM	Gathering users
10/23/2016 10:08:39 PM	Gathering roles
10/23/2016 10:08:39 PM	Gathering application roles
10/23/2016 10:08:39 PM	Gathering role memberships
10/23/2016 10:08:39 PM	Gathering filegroups
10/23/2016 10:08:39 PM	Gathering full-text catalogs
10/23/2016 10:08:39 PM	Gathering assemblies
10/23/2016 10:08:39 PM	Gathering certificates
10/23/2016 10:08:39 PM	Gathering asymmetric keys
10/23/2016 10:08:39 PM	Gathering symmetric keys
10/23/2016 10:08:39 PM	Gathering encrypted symmetric keys
10/23/2016 10:08:39 PM	Gathering schemas
10/23/2016 10:08:39 PM	Gathering XML schema collections
10/23/2016 10:08:39 PM	Gathering user-defined data types
10/23/2016 10:08:39 PM	Gathering user-defined types
10/23/2016 10:08:39 PM	Gathering table types
10/23/2016 10:08:39 PM	Gathering unique keys for table types
10/23/2016 10:08:39 PM	Gathering primary keys for table types
10/23/2016 10:08:39 PM	Gathering indexes for table types
10/23/2016 10:08:39 PM	Gathering check constraints for table types
10/23/2016 10:08:39 PM	Gathering default constraints for table types
10/23/2016 10:08:39 PM	Gathering partition functions
10/23/2016 10:08:39 PM	Gathering partition schemes
10/23/2016 10:08:39 PM	Gathering functions
10/23/2016 10:08:39 PM	Gathering encrypted functions
10/23/2016 10:08:39 PM	Gathering aggregates
10/23/2016 10:08:39 PM	Gathering procedures
10/23/2016 10:08:39 PM	Gathering encrypted procedures
10/23/2016 10:08:39 PM	Gathering tables
10/23/2016 10:08:39 PM	Gathering primary keys
10/23/2016 10:08:39 PM	Gathering unique constraints
10/23/2016 10:08:39 PM	Gathering foreign keys
10/23/2016 10:08:39 PM	Gathering default constraints
10/23/2016 10:08:39 PM	Gathering check constraints
10/23/2016 10:08:39 PM	Gathering views
10/23/2016 10:08:39 PM	Gathering encrypted views
10/23/2016 10:08:39 PM	Gathering indexes
10/23/2016 10:08:39 PM	Gathering statistics
10/23/2016 10:08:39 PM	Gathering full-text index stoplists
10/23/2016 10:08:39 PM	Gathering search property lists
10/23/2016 10:08:39 PM	Gathering search properties
10/23/2016 10:08:39 PM	Gathering full-text indexes
10/23/2016 10:08:39 PM	Gathering column store indexes
10/23/2016 10:08:39 PM	Gathering spatial indexes
10/23/2016 10:08:39 PM	Gathering XML indexes
10/23/2016 10:08:39 PM	Gathering Selective XML indexes
10/23/2016 10:08:39 PM	Gathering encrypted triggers
10/23/2016 10:08:39 PM	Gathering triggers
10/23/2016 10:08:39 PM	Gathering encrypted and clr ddl triggers
10/23/2016 10:08:39 PM	Gathering ddl triggers
10/23/2016 10:08:39 PM	Gathering synonyms
10/23/2016 10:08:39 PM	Gathering defaults
10/23/2016 10:08:39 PM	Gathering data constraint uddt bindings
10/23/2016 10:08:39 PM	Gathering rules
10/23/2016 10:08:39 PM	Gathering data constraint uddt bindings
10/23/2016 10:08:39 PM	Gathering message types
10/23/2016 10:08:39 PM	Gathering queues
10/23/2016 10:08:39 PM	Gathering contracts
10/23/2016 10:08:39 PM	Gathering services
10/23/2016 10:08:39 PM	Gathering event notifications
10/23/2016 10:08:39 PM	Gathering remote service bindings
10/23/2016 10:08:39 PM	Gathering broker priorities
10/23/2016 10:08:39 PM	Gathering signatures
10/23/2016 10:08:39 PM	Gathering data compression options
10/23/2016 10:08:39 PM	Gathering sequence types
10/23/2016 10:08:39 PM	Gathering security policies
10/23/2016 10:08:39 PM	Gather column encryption keys
10/23/2016 10:08:39 PM	Gathering column master keys
10/23/2016 10:08:39 PM	Gathering external data sources
10/23/2016 10:08:39 PM	Gathering external file formats
10/23/2016 10:08:39 PM	Gathering external tables
10/23/2016 10:08:39 PM	Gathering extended properties
10/23/2016 10:08:39 PM	Gathering credentials
10/23/2016 10:08:39 PM	Gathering logins
10/23/2016 10:08:39 PM	Gathering server audits
10/23/2016 10:08:40 PM	Scanning project for duplicate elements
10/23/2016 10:08:40 PM	Finished duplicate element processing
10/23/2016 10:08:40 PM	Finished importing database.
10/23/2016 10:08:40 PM	A summary of the import was saved to the following location: C:\Users\DanJa\OneDrive\Documents\IPFW\Senior Design\ResearchDatabase\Source\VR_Research_Project\Database_Project\ResearchDatabaseProject\Import Schema Logs\ResearchDatabaseProj_20161024020834.log
10/23/2016 10:08:40 PM	Click Finish to continue...
